<?xml version="1.0" encoding="UTF-8"?>
<!-- Generated by org.testng.reporters.JUnitReportReporter -->
<testsuite skipped="0" hostname="IN-DEBASISHDEY" name="testRunners.TestRunner1" tests="1" failures="0" timestamp="2021-05-26T12:39:47 IST" time="5.366" errors="0">
  <testcase name="runScenario" time="5.366" classname="testRunners.TestRunner1"/>
  <system-out/>
</testsuite> <!-- testRunners.TestRunner1 -->
