<?xml version="1.0" encoding="UTF-8"?>
<!-- Generated by org.testng.reporters.JUnitReportReporter -->
<testsuite skipped="0" hostname="IN-DEBASISHDEY" name="testRunners.TestRunner" tests="1" failures="0" timestamp="2021-06-28T05:16:05 IST" time="15.351" errors="0">
  <testcase name="runScenario" time="15.351" classname="testRunners.TestRunner"/>
  <system-out/>
</testsuite> <!-- testRunners.TestRunner -->
